<?xml version="1.0" encoding="UTF-8"?>
<testng-results skipped="0" failed="0" total="1" passed="1">
  <reporter-output>
  </reporter-output>
  <suite name="Suite" duration-ms="54618" started-at="2018-05-21T06:16:28Z" finished-at="2018-05-21T06:17:23Z">
    <groups>
    </groups>
    <test name="Test" duration-ms="54618" started-at="2018-05-21T06:16:28Z" finished-at="2018-05-21T06:17:23Z">
      <class name="exampleTechGig.NewTest">
        <test-method status="PASS" signature="beforeTest()[pri:0, instance:exampleTechGig.NewTest@46d56d67]" name="beforeTest" is-config="true" duration-ms="13290" started-at="2018-05-21T11:46:28Z" finished-at="2018-05-21T11:46:41Z">
          <reporter-output>
          </reporter-output>
        </test-method> <!-- beforeTest -->
        <test-method status="PASS" signature="testEasy()[pri:0, instance:exampleTechGig.NewTest@46d56d67]" name="testEasy" duration-ms="38721" started-at="2018-05-21T11:46:41Z" finished-at="2018-05-21T11:47:20Z">
          <reporter-output>
          </reporter-output>
        </test-method> <!-- testEasy -->
        <test-method status="PASS" signature="afterTest()[pri:0, instance:exampleTechGig.NewTest@46d56d67]" name="afterTest" is-config="true" duration-ms="2560" started-at="2018-05-21T11:47:20Z" finished-at="2018-05-21T11:47:23Z">
          <reporter-output>
          </reporter-output>
        </test-method> <!-- afterTest -->
      </class> <!-- exampleTechGig.NewTest -->
    </test> <!-- Test -->
  </suite> <!-- Suite -->
</testng-results>
